Using pre-set license
Built from '2021.1/release' branch; Version is '2021.1.4f1 (4cd64a618c1b) revision 5035594'; Using compiler version '192528614'; Build Type 'Release'
OS: 'Windows 10 Pro; OS build 19042.1526; Version 2009; 64bit' Language: 'en' Physical Memory: 8083 MB
BatchMode: 1, IsHumanControllingUs: 0, StartBugReporterOnCrash: 0, Is64bit: 1, IsPro: 0

 COMMAND LINE ARGUMENTS:
C:\Program Files\Unity\Hub\Editor\2021.1.4f1\Editor\Unity.exe
-adb2
-batchMode
-noUpm
-name
AssetImportWorker3
-projectPath
E:/Users/OneDrive/Documents/GitHub/EndavaRommVR
-logFile
Logs/AssetImportWorker3.log
-srvPort
63794
Successfully changed project path to: E:/Users/OneDrive/Documents/GitHub/EndavaRommVR
E:/Users/OneDrive/Documents/GitHub/EndavaRommVR
Using Asset Import Pipeline V2.
Refreshing native plugins compatible for Editor in 120.10 ms, found 7 plugins.
Preloading 1 native plugins for Editor in 0.99 ms.
Initialize engine version: 2021.1.4f1 (4cd64a618c1b)
[Subsystems] Discovering subsystems at path C:/Program Files/Unity/Hub/Editor/2021.1.4f1/Editor/Data/Resources/UnitySubsystems
[Subsystems] Discovering subsystems at path E:/Users/OneDrive/Documents/GitHub/EndavaRommVR/Assets
GfxDevice: creating device client; threaded=0; jobified=0
Direct3D:
    Version:  Direct3D 11.0 [level 11.1]
    Renderer: Intel(R) UHD Graphics 620 (ID=0x5917)
    Vendor:   Intel
    VRAM:     4041 MB
    Driver:   27.20.100.8854
Initialize mono
Mono path[0] = 'C:/Program Files/Unity/Hub/Editor/2021.1.4f1/Editor/Data/Managed'
Mono path[1] = 'C:/Program Files/Unity/Hub/Editor/2021.1.4f1/Editor/Data/MonoBleedingEdge/lib/mono/unityjit'
Mono config path = 'C:/Program Files/Unity/Hub/Editor/2021.1.4f1/Editor/Data/MonoBleedingEdge/etc'
Using monoOptions --debugger-agent=transport=dt_socket,embedding=1,server=y,suspend=n,address=127.0.0.1:56704
Begin MonoManager ReloadAssembly
Registering precompiled unity dll's ...
Register platform support module: C:/Program Files/Unity/Hub/Editor/2021.1.4f1/Editor/Data/PlaybackEngines/WebGLSupport/UnityEditor.WebGL.Extensions.dll
Register platform support module: C:/Program Files/Unity/Hub/Editor/2021.1.4f1/Editor/Data/PlaybackEngines/WindowsStandaloneSupport/UnityEditor.WindowsStandalone.Extensions.dll
Registered in 0.002929 seconds.
Native extension for WindowsStandalone target not found
Native extension for WebGL target not found
Refreshing native plugins compatible for Editor in 107.25 ms, found 7 plugins.
Preloading 1 native plugins for Editor in 0.05 ms.
Mono: successfully reloaded assembly
- Completed reload, in  2.021 seconds
Platform modules already initialized, skipping
Registering precompiled user dll's ...
Registered in 0.006618 seconds.
Begin MonoManager ReloadAssembly
Symbol file LoadedFromMemory doesn't match image E:\Users\OneDrive\Documents\GitHub\EndavaRommVR\Library\PackageCache\com.unity.visualscripting@1.7.6\Editor\VisualScripting.Core\Dependencies\YamlDotNet\Unity.VisualScripting.YamlDotNet.dll
Symbol file LoadedFromMemory doesn't match image E:\Users\OneDrive\Documents\GitHub\EndavaRommVR\Library\PackageCache\com.unity.visualscripting@1.7.6\Editor\VisualScripting.Core\Dependencies\DotNetZip\Unity.VisualScripting.IonicZip.dll
Native extension for WindowsStandalone target not found
Native extension for WebGL target not found
Refreshing native plugins compatible for Editor in 106.08 ms, found 7 plugins.
Preloading 1 native plugins for Editor in 0.05 ms.
[XR] OculusXRPlugin: registering subsystems
[XR] Unable to register display lifecyle provider: [1]
[XR] Oculus Input lifecycle provider registered.
[XR] Unable to register input lifecyle provider: [1]
NullReferenceException: Object reference not set to an instance of an object
  at Unity.XR.Oculus.OculusLoader.AssetPathToAbsolutePath (System.String assetPath) [0x00048] in E:\Users\OneDrive\Documents\GitHub\EndavaRommVR\Library\PackageCache\com.unity.xr.oculus@1.11.0\Runtime\OculusLoader.cs:250 
  at Unity.XR.Oculus.OculusLoader.EditorLoadOVRPlugin () [0x0007b] in E:\Users\OneDrive\Documents\GitHub\EndavaRommVR\Library\PackageCache\com.unity.xr.oculus@1.11.0\Runtime\OculusLoader.cs:235 

(Filename: Library/PackageCache/com.unity.xr.oculus@1.11.0/Runtime/OculusLoader.cs Line: 250)

Mono: successfully reloaded assembly
- Completed reload, in  1.539 seconds
Platform modules already initialized, skipping
========================================================================
Worker process is ready to serve import requests
Launched and connected shader compiler UnityShaderCompiler.exe after 0.07 seconds
Refreshing native plugins compatible for Editor in 1.81 ms, found 7 plugins.
Preloading 1 native plugins for Editor in 0.08 ms.
Unloading 4353 Unused Serialized files (Serialized files now loaded: 0)
System memory in use before: 166.6 MB.
System memory in use after: 166.8 MB.

Unloading 37 unused Assets to reduce memory usage. Loaded Objects now: 4808.
Total: 3.832200 ms (FindLiveObjects: 0.334100 ms CreateObjectMapping: 0.222300 ms MarkObjects: 3.199000 ms  DeleteObjects: 0.075500 ms)

========================================================================
Received Import Request.
  path: Assets/Scenes/MeetingRoom.unity
  artifactKey: Guid(9fc0d4010bbf28b4594072e72b8655ab) Importer(815301076,1909f56bfc062723c751e8b465ee728b)
Start importing Assets/Scenes/MeetingRoom.unity using Guid(9fc0d4010bbf28b4594072e72b8655ab) Importer(815301076,1909f56bfc062723c751e8b465ee728b)  -> (artifact id: 'eeec7b8f30af3f2317e5c326bdd70c86') in 0.013795 seconds 
========================================================================
Received Import Request.
  Time since last request: 20.519196 seconds.
  path: Assets/Prefabs/SitDown.prefab
  artifactKey: Guid(1fa3607bb8af23c4bb4672d96041f059) Importer(815301076,1909f56bfc062723c751e8b465ee728b)
Start importing Assets/Prefabs/SitDown.prefab using Guid(1fa3607bb8af23c4bb4672d96041f059) Importer(815301076,1909f56bfc062723c751e8b465ee728b)  -> (artifact id: '0031d4b7441eb3f71b99e41b6d69bef3') in 0.161509 seconds 
========================================================================
Received Prepare
Registering precompiled user dll's ...
Registered in 0.007400 seconds.
Begin MonoManager ReloadAssembly
Symbol file LoadedFromMemory doesn't match image E:\Users\OneDrive\Documents\GitHub\EndavaRommVR\Library\PackageCache\com.unity.visualscripting@1.7.6\Editor\VisualScripting.Core\Dependencies\YamlDotNet\Unity.VisualScripting.YamlDotNet.dll
Symbol file LoadedFromMemory doesn't match image E:\Users\OneDrive\Documents\GitHub\EndavaRommVR\Library\PackageCache\com.unity.visualscripting@1.7.6\Editor\VisualScripting.Core\Dependencies\DotNetZip\Unity.VisualScripting.IonicZip.dll
Native extension for WindowsStandalone target not found
Native extension for WebGL target not found
Refreshing native plugins compatible for Editor in 1.02 ms, found 7 plugins.
Preloading 1 native plugins for Editor in 0.08 ms.
NullReferenceException: Object reference not set to an instance of an object
  at Unity.XR.Oculus.OculusLoader.AssetPathToAbsolutePath (System.String assetPath) [0x00048] in E:\Users\OneDrive\Documents\GitHub\EndavaRommVR\Library\PackageCache\com.unity.xr.oculus@1.11.0\Runtime\OculusLoader.cs:250 
  at Unity.XR.Oculus.OculusLoader.EditorLoadOVRPlugin () [0x0007b] in E:\Users\OneDrive\Documents\GitHub\EndavaRommVR\Library\PackageCache\com.unity.xr.oculus@1.11.0\Runtime\OculusLoader.cs:235 

(Filename: Library/PackageCache/com.unity.xr.oculus@1.11.0/Runtime/OculusLoader.cs Line: 250)

Mono: successfully reloaded assembly
- Completed reload, in  1.382 seconds
Platform modules already initialized, skipping
Switching build target platform(19) subTarget(0) extendedPlatform(0) -> platform(13) subTarget(524288) extendedPlatform(0)
Refreshing native plugins compatible for Editor in 1.30 ms, found 7 plugins.
Preloading 1 native plugins for Editor in 0.09 ms.
Unloading 4324 Unused Serialized files (Serialized files now loaded: 0)
System memory in use before: 164.5 MB.
System memory in use after: 164.8 MB.

Unloading 30 unused Assets to reduce memory usage. Loaded Objects now: 4812.
Total: 3.513600 ms (FindLiveObjects: 0.334100 ms CreateObjectMapping: 0.271900 ms MarkObjects: 2.875300 ms  DeleteObjects: 0.031300 ms)

AssetImportParameters requested are different than current active one (requested -> active):
  custom:graphics/normal-map-encoding: 01000000000000000000000000000000 -> 02000000000000000000000000000000
========================================================================
Received Prepare
Registering precompiled user dll's ...
Registered in 0.008330 seconds.
Begin MonoManager ReloadAssembly
Symbol file LoadedFromMemory doesn't match image E:\Users\OneDrive\Documents\GitHub\EndavaRommVR\Library\PackageCache\com.unity.visualscripting@1.7.6\Editor\VisualScripting.Core\Dependencies\YamlDotNet\Unity.VisualScripting.YamlDotNet.dll
Symbol file LoadedFromMemory doesn't match image E:\Users\OneDrive\Documents\GitHub\EndavaRommVR\Library\PackageCache\com.unity.visualscripting@1.7.6\Editor\VisualScripting.Core\Dependencies\DotNetZip\Unity.VisualScripting.IonicZip.dll
Native extension for WindowsStandalone target not found
Native extension for WebGL target not found
Refreshing native plugins compatible for Editor in 1.67 ms, found 7 plugins.
Preloading 1 native plugins for Editor in 0.06 ms.
NullReferenceException: Object reference not set to an instance of an object
  at Unity.XR.Oculus.OculusLoader.AssetPathToAbsolutePath (System.String assetPath) [0x00048] in E:\Users\OneDrive\Documents\GitHub\EndavaRommVR\Library\PackageCache\com.unity.xr.oculus@1.11.0\Runtime\OculusLoader.cs:250 
  at Unity.XR.Oculus.OculusLoader.EditorLoadOVRPlugin () [0x0007b] in E:\Users\OneDrive\Documents\GitHub\EndavaRommVR\Library\PackageCache\com.unity.xr.oculus@1.11.0\Runtime\OculusLoader.cs:235 

(Filename: Library/PackageCache/com.unity.xr.oculus@1.11.0/Runtime/OculusLoader.cs Line: 250)

Mono: successfully reloaded assembly
- Completed reload, in  1.541 seconds
Platform modules already initialized, skipping
Switching build target platform(19) subTarget(0) extendedPlatform(0) -> platform(13) subTarget(524288) extendedPlatform(0)
Refreshing native plugins compatible for Editor in 1.08 ms, found 7 plugins.
Preloading 1 native plugins for Editor in 0.06 ms.
Unloading 4324 Unused Serialized files (Serialized files now loaded: 0)
System memory in use before: 164.6 MB.
System memory in use after: 164.9 MB.

Unloading 29 unused Assets to reduce memory usage. Loaded Objects now: 4816.
Total: 4.628700 ms (FindLiveObjects: 0.712700 ms CreateObjectMapping: 0.343700 ms MarkObjects: 3.541600 ms  DeleteObjects: 0.029500 ms)

AssetImportParameters requested are different than current active one (requested -> active):
  custom:graphics/normal-map-encoding: 01000000000000000000000000000000 -> 02000000000000000000000000000000
========================================================================
Received Prepare
Registering precompiled user dll's ...
Registered in 0.009413 seconds.
Begin MonoManager ReloadAssembly
Symbol file LoadedFromMemory doesn't match image E:\Users\OneDrive\Documents\GitHub\EndavaRommVR\Library\PackageCache\com.unity.visualscripting@1.7.6\Editor\VisualScripting.Core\Dependencies\YamlDotNet\Unity.VisualScripting.YamlDotNet.dll
Symbol file LoadedFromMemory doesn't match image E:\Users\OneDrive\Documents\GitHub\EndavaRommVR\Library\PackageCache\com.unity.visualscripting@1.7.6\Editor\VisualScripting.Core\Dependencies\DotNetZip\Unity.VisualScripting.IonicZip.dll
Native extension for WindowsStandalone target not found
Native extension for WebGL target not found
Refreshing native plugins compatible for Editor in 0.99 ms, found 7 plugins.
Preloading 1 native plugins for Editor in 0.06 ms.
NullReferenceException: Object reference not set to an instance of an object
  at Unity.XR.Oculus.OculusLoader.AssetPathToAbsolutePath (System.String assetPath) [0x00048] in E:\Users\OneDrive\Documents\GitHub\EndavaRommVR\Library\PackageCache\com.unity.xr.oculus@1.11.0\Runtime\OculusLoader.cs:250 
  at Unity.XR.Oculus.OculusLoader.EditorLoadOVRPlugin () [0x0007b] in E:\Users\OneDrive\Documents\GitHub\EndavaRommVR\Library\PackageCache\com.unity.xr.oculus@1.11.0\Runtime\OculusLoader.cs:235 

(Filename: Library/PackageCache/com.unity.xr.oculus@1.11.0/Runtime/OculusLoader.cs Line: 250)

Mono: successfully reloaded assembly
- Completed reload, in  1.469 seconds
Platform modules already initialized, skipping
Switching build target platform(19) subTarget(0) extendedPlatform(0) -> platform(13) subTarget(524288) extendedPlatform(0)
Refreshing native plugins compatible for Editor in 0.97 ms, found 7 plugins.
Preloading 1 native plugins for Editor in 0.07 ms.
Unloading 4324 Unused Serialized files (Serialized files now loaded: 0)
System memory in use before: 164.6 MB.
System memory in use after: 164.9 MB.

Unloading 29 unused Assets to reduce memory usage. Loaded Objects now: 4820.
Total: 3.221200 ms (FindLiveObjects: 0.401800 ms CreateObjectMapping: 0.219900 ms MarkObjects: 2.578300 ms  DeleteObjects: 0.020500 ms)

AssetImportParameters requested are different than current active one (requested -> active):
  custom:graphics/normal-map-encoding: 01000000000000000000000000000000 -> 02000000000000000000000000000000
========================================================================
Received Prepare
Registering precompiled user dll's ...
Registered in 0.009659 seconds.
Begin MonoManager ReloadAssembly
Symbol file LoadedFromMemory doesn't match image E:\Users\OneDrive\Documents\GitHub\EndavaRommVR\Library\PackageCache\com.unity.visualscripting@1.7.6\Editor\VisualScripting.Core\Dependencies\YamlDotNet\Unity.VisualScripting.YamlDotNet.dll
Symbol file LoadedFromMemory doesn't match image E:\Users\OneDrive\Documents\GitHub\EndavaRommVR\Library\PackageCache\com.unity.visualscripting@1.7.6\Editor\VisualScripting.Core\Dependencies\DotNetZip\Unity.VisualScripting.IonicZip.dll
Native extension for WindowsStandalone target not found
Native extension for WebGL target not found
Refreshing native plugins compatible for Editor in 1.27 ms, found 7 plugins.
Preloading 1 native plugins for Editor in 0.08 ms.
NullReferenceException: Object reference not set to an instance of an object
  at Unity.XR.Oculus.OculusLoader.AssetPathToAbsolutePath (System.String assetPath) [0x00048] in E:\Users\OneDrive\Documents\GitHub\EndavaRommVR\Library\PackageCache\com.unity.xr.oculus@1.11.0\Runtime\OculusLoader.cs:250 
  at Unity.XR.Oculus.OculusLoader.EditorLoadOVRPlugin () [0x0007b] in E:\Users\OneDrive\Documents\GitHub\EndavaRommVR\Library\PackageCache\com.unity.xr.oculus@1.11.0\Runtime\OculusLoader.cs:235 

(Filename: Library/PackageCache/com.unity.xr.oculus@1.11.0/Runtime/OculusLoader.cs Line: 250)

Mono: successfully reloaded assembly
- Completed reload, in  1.345 seconds
Platform modules already initialized, skipping
Switching build target platform(19) subTarget(0) extendedPlatform(0) -> platform(13) subTarget(524288) extendedPlatform(0)
Refreshing native plugins compatible for Editor in 0.89 ms, found 7 plugins.
Preloading 1 native plugins for Editor in 0.06 ms.
Unloading 4324 Unused Serialized files (Serialized files now loaded: 0)
System memory in use before: 164.7 MB.
System memory in use after: 164.9 MB.

Unloading 29 unused Assets to reduce memory usage. Loaded Objects now: 4824.
Total: 3.439600 ms (FindLiveObjects: 0.654700 ms CreateObjectMapping: 0.278100 ms MarkObjects: 2.449000 ms  DeleteObjects: 0.056600 ms)

AssetImportParameters requested are different than current active one (requested -> active):
  custom:graphics/normal-map-encoding: 01000000000000000000000000000000 -> 02000000000000000000000000000000
========================================================================
Received Prepare
Registering precompiled user dll's ...
Registered in 0.006692 seconds.
Begin MonoManager ReloadAssembly
Symbol file LoadedFromMemory doesn't match image E:\Users\OneDrive\Documents\GitHub\EndavaRommVR\Library\PackageCache\com.unity.visualscripting@1.7.6\Editor\VisualScripting.Core\Dependencies\YamlDotNet\Unity.VisualScripting.YamlDotNet.dll
Symbol file LoadedFromMemory doesn't match image E:\Users\OneDrive\Documents\GitHub\EndavaRommVR\Library\PackageCache\com.unity.visualscripting@1.7.6\Editor\VisualScripting.Core\Dependencies\DotNetZip\Unity.VisualScripting.IonicZip.dll
Native extension for WindowsStandalone target not found
Native extension for WebGL target not found
Refreshing native plugins compatible for Editor in 0.97 ms, found 7 plugins.
Preloading 1 native plugins for Editor in 0.06 ms.
NullReferenceException: Object reference not set to an instance of an object
  at Unity.XR.Oculus.OculusLoader.AssetPathToAbsolutePath (System.String assetPath) [0x00048] in E:\Users\OneDrive\Documents\GitHub\EndavaRommVR\Library\PackageCache\com.unity.xr.oculus@1.11.0\Runtime\OculusLoader.cs:250 
  at Unity.XR.Oculus.OculusLoader.EditorLoadOVRPlugin () [0x0007b] in E:\Users\OneDrive\Documents\GitHub\EndavaRommVR\Library\PackageCache\com.unity.xr.oculus@1.11.0\Runtime\OculusLoader.cs:235 

(Filename: Library/PackageCache/com.unity.xr.oculus@1.11.0/Runtime/OculusLoader.cs Line: 250)

Mono: successfully reloaded assembly
- Completed reload, in  1.360 seconds
Platform modules already initialized, skipping
Switching build target platform(19) subTarget(0) extendedPlatform(0) -> platform(13) subTarget(524288) extendedPlatform(0)
Refreshing native plugins compatible for Editor in 1.15 ms, found 7 plugins.
Preloading 1 native plugins for Editor in 0.07 ms.
Unloading 4324 Unused Serialized files (Serialized files now loaded: 0)
System memory in use before: 164.7 MB.
System memory in use after: 165.0 MB.

Unloading 29 unused Assets to reduce memory usage. Loaded Objects now: 4828.
Total: 3.136000 ms (FindLiveObjects: 0.365900 ms CreateObjectMapping: 0.211300 ms MarkObjects: 2.538300 ms  DeleteObjects: 0.019500 ms)

AssetImportParameters requested are different than current active one (requested -> active):
  custom:graphics/normal-map-encoding: 01000000000000000000000000000000 -> 02000000000000000000000000000000
========================================================================
Received Prepare
Registering precompiled user dll's ...
Registered in 0.007637 seconds.
Begin MonoManager ReloadAssembly
Symbol file LoadedFromMemory doesn't match image E:\Users\OneDrive\Documents\GitHub\EndavaRommVR\Library\PackageCache\com.unity.visualscripting@1.7.6\Editor\VisualScripting.Core\Dependencies\YamlDotNet\Unity.VisualScripting.YamlDotNet.dll
Symbol file LoadedFromMemory doesn't match image E:\Users\OneDrive\Documents\GitHub\EndavaRommVR\Library\PackageCache\com.unity.visualscripting@1.7.6\Editor\VisualScripting.Core\Dependencies\DotNetZip\Unity.VisualScripting.IonicZip.dll
Native extension for WindowsStandalone target not found
Native extension for WebGL target not found
Refreshing native plugins compatible for Editor in 0.90 ms, found 7 plugins.
Preloading 1 native plugins for Editor in 0.06 ms.
NullReferenceException: Object reference not set to an instance of an object
  at Unity.XR.Oculus.OculusLoader.AssetPathToAbsolutePath (System.String assetPath) [0x00048] in E:\Users\OneDrive\Documents\GitHub\EndavaRommVR\Library\PackageCache\com.unity.xr.oculus@1.11.0\Runtime\OculusLoader.cs:250 
  at Unity.XR.Oculus.OculusLoader.EditorLoadOVRPlugin () [0x0007b] in E:\Users\OneDrive\Documents\GitHub\EndavaRommVR\Library\PackageCache\com.unity.xr.oculus@1.11.0\Runtime\OculusLoader.cs:235 

(Filename: Library/PackageCache/com.unity.xr.oculus@1.11.0/Runtime/OculusLoader.cs Line: 250)

Mono: successfully reloaded assembly
- Completed reload, in  1.604 seconds
Platform modules already initialized, skipping
Switching build target platform(19) subTarget(0) extendedPlatform(0) -> platform(13) subTarget(524288) extendedPlatform(0)
Refreshing native plugins compatible for Editor in 0.83 ms, found 7 plugins.
Preloading 1 native plugins for Editor in 0.05 ms.
Unloading 4324 Unused Serialized files (Serialized files now loaded: 0)
System memory in use before: 164.7 MB.
System memory in use after: 165.0 MB.

Unloading 29 unused Assets to reduce memory usage. Loaded Objects now: 4832.
Total: 2.853900 ms (FindLiveObjects: 0.335700 ms CreateObjectMapping: 0.188000 ms MarkObjects: 2.308500 ms  DeleteObjects: 0.020900 ms)

AssetImportParameters requested are different than current active one (requested -> active):
  custom:graphics/normal-map-encoding: 01000000000000000000000000000000 -> 02000000000000000000000000000000
========================================================================
Received Prepare
Refreshing native plugins compatible for Editor in 10.30 ms, found 7 plugins.
Preloading 1 native plugins for Editor in 0.08 ms.
Unloading 26 Unused Serialized files (Serialized files now loaded: 0)
System memory in use before: 80.0 MB.
System memory in use after: 80.3 MB.

Unloading 26 unused Assets to reduce memory usage. Loaded Objects now: 4832.
Total: 4.525000 ms (FindLiveObjects: 0.461700 ms CreateObjectMapping: 0.294600 ms MarkObjects: 3.742500 ms  DeleteObjects: 0.024700 ms)

========================================================================
Received Prepare
Refreshing native plugins compatible for Editor in 8.23 ms, found 7 plugins.
Preloading 1 native plugins for Editor in 0.06 ms.
Unloading 26 Unused Serialized files (Serialized files now loaded: 0)
System memory in use before: 80.0 MB.
System memory in use after: 80.3 MB.

Unloading 26 unused Assets to reduce memory usage. Loaded Objects now: 4832.
Total: 13.473200 ms (FindLiveObjects: 0.818300 ms CreateObjectMapping: 0.253200 ms MarkObjects: 12.365100 ms  DeleteObjects: 0.034600 ms)

========================================================================
Received Import Request.
  Time since last request: 4777.345769 seconds.
  path: Assets/Scenes/MeetingRoom.unity
  artifactKey: Guid(9fc0d4010bbf28b4594072e72b8655ab) Importer(815301076,1909f56bfc062723c751e8b465ee728b)
Start importing Assets/Scenes/MeetingRoom.unity using Guid(9fc0d4010bbf28b4594072e72b8655ab) Importer(815301076,1909f56bfc062723c751e8b465ee728b)  -> (artifact id: 'f86ef2ea7a6eeb734edbbf642feb20c7') in 0.088502 seconds 
========================================================================
Received Import Request.
  Time since last request: 144.389559 seconds.
  path: Assets/Scenes/MeetingRoom.unity
  artifactKey: Guid(9fc0d4010bbf28b4594072e72b8655ab) Importer(815301076,1909f56bfc062723c751e8b465ee728b)
Start importing Assets/Scenes/MeetingRoom.unity using Guid(9fc0d4010bbf28b4594072e72b8655ab) Importer(815301076,1909f56bfc062723c751e8b465ee728b)  -> (artifact id: 'dbd26d56ee2db62ad4e5a04f2264fc0c') in 0.003502 seconds 
========================================================================
Received Prepare
Registering precompiled user dll's ...
Registered in 0.066107 seconds.
Begin MonoManager ReloadAssembly
Symbol file LoadedFromMemory doesn't match image E:\Users\OneDrive\Documents\GitHub\EndavaRommVR\Library\PackageCache\com.unity.visualscripting@1.7.6\Editor\VisualScripting.Core\Dependencies\YamlDotNet\Unity.VisualScripting.YamlDotNet.dll
Symbol file LoadedFromMemory doesn't match image E:\Users\OneDrive\Documents\GitHub\EndavaRommVR\Library\PackageCache\com.unity.visualscripting@1.7.6\Editor\VisualScripting.Core\Dependencies\DotNetZip\Unity.VisualScripting.IonicZip.dll
Native extension for WindowsStandalone target not found
Native extension for WebGL target not found
Refreshing native plugins compatible for Editor in 1.22 ms, found 7 plugins.
Preloading 1 native plugins for Editor in 0.07 ms.
NullReferenceException: Object reference not set to an instance of an object
  at Unity.XR.Oculus.OculusLoader.AssetPathToAbsolutePath (System.String assetPath) [0x00048] in E:\Users\OneDrive\Documents\GitHub\EndavaRommVR\Library\PackageCache\com.unity.xr.oculus@1.11.0\Runtime\OculusLoader.cs:250 
  at Unity.XR.Oculus.OculusLoader.EditorLoadOVRPlugin () [0x0007b] in E:\Users\OneDrive\Documents\GitHub\EndavaRommVR\Library\PackageCache\com.unity.xr.oculus@1.11.0\Runtime\OculusLoader.cs:235 

(Filename: Library/PackageCache/com.unity.xr.oculus@1.11.0/Runtime/OculusLoader.cs Line: 250)

Mono: successfully reloaded assembly
- Completed reload, in  4.347 seconds
Platform modules already initialized, skipping
Switching build target platform(19) subTarget(0) extendedPlatform(0) -> platform(13) subTarget(524288) extendedPlatform(0)
Refreshing native plugins compatible for Editor in 1.58 ms, found 7 plugins.
Preloading 1 native plugins for Editor in 0.12 ms.
Unloading 4324 Unused Serialized files (Serialized files now loaded: 0)
System memory in use before: 164.7 MB.
System memory in use after: 165.0 MB.

Unloading 29 unused Assets to reduce memory usage. Loaded Objects now: 4836.
Total: 4.270700 ms (FindLiveObjects: 1.007600 ms CreateObjectMapping: 0.412500 ms MarkObjects: 2.824000 ms  DeleteObjects: 0.024600 ms)

AssetImportParameters requested are different than current active one (requested -> active):
  custom:graphics/normal-map-encoding: 01000000000000000000000000000000 -> 02000000000000000000000000000000
========================================================================
Received Prepare
Refreshing native plugins compatible for Editor in 565.29 ms, found 7 plugins.
Preloading 1 native plugins for Editor in 0.06 ms.
Unloading 26 Unused Serialized files (Serialized files now loaded: 0)
System memory in use before: 80.1 MB.
System memory in use after: 80.3 MB.

Unloading 26 unused Assets to reduce memory usage. Loaded Objects now: 4836.
Total: 3.189300 ms (FindLiveObjects: 0.366300 ms CreateObjectMapping: 0.234300 ms MarkObjects: 2.570900 ms  DeleteObjects: 0.016900 ms)

========================================================================
Received Prepare
Registering precompiled user dll's ...
Registered in 1.845902 seconds.
Begin MonoManager ReloadAssembly
Symbol file LoadedFromMemory doesn't match image E:\Users\OneDrive\Documents\GitHub\EndavaRommVR\Library\PackageCache\com.unity.visualscripting@1.7.6\Editor\VisualScripting.Core\Dependencies\YamlDotNet\Unity.VisualScripting.YamlDotNet.dll
Symbol file LoadedFromMemory doesn't match image E:\Users\OneDrive\Documents\GitHub\EndavaRommVR\Library\PackageCache\com.unity.visualscripting@1.7.6\Editor\VisualScripting.Core\Dependencies\DotNetZip\Unity.VisualScripting.IonicZip.dll
Native extension for WindowsStandalone target not found
Native extension for WebGL target not found
Refreshing native plugins compatible for Editor in 1.43 ms, found 7 plugins.
Preloading 1 native plugins for Editor in 0.07 ms.
NullReferenceException: Object reference not set to an instance of an object
  at Unity.XR.Oculus.OculusLoader.AssetPathToAbsolutePath (System.String assetPath) [0x00048] in E:\Users\OneDrive\Documents\GitHub\EndavaRommVR\Library\PackageCache\com.unity.xr.oculus@1.11.0\Runtime\OculusLoader.cs:250 
  at Unity.XR.Oculus.OculusLoader.EditorLoadOVRPlugin () [0x0007b] in E:\Users\OneDrive\Documents\GitHub\EndavaRommVR\Library\PackageCache\com.unity.xr.oculus@1.11.0\Runtime\OculusLoader.cs:235 

(Filename: Library/PackageCache/com.unity.xr.oculus@1.11.0/Runtime/OculusLoader.cs Line: 250)

Mono: successfully reloaded assembly
- Completed reload, in  2.061 seconds
Platform modules already initialized, skipping
Switching build target platform(19) subTarget(0) extendedPlatform(0) -> platform(13) subTarget(524288) extendedPlatform(0)
Refreshing native plugins compatible for Editor in 2.29 ms, found 7 plugins.
Preloading 1 native plugins for Editor in 0.12 ms.
Unloading 4324 Unused Serialized files (Serialized files now loaded: 0)
System memory in use before: 164.8 MB.
System memory in use after: 165.0 MB.

Unloading 29 unused Assets to reduce memory usage. Loaded Objects now: 4840.
Total: 4.160400 ms (FindLiveObjects: 0.455300 ms CreateObjectMapping: 0.276500 ms MarkObjects: 3.390300 ms  DeleteObjects: 0.036800 ms)

AssetImportParameters requested are different than current active one (requested -> active):
  custom:graphics/normal-map-encoding: 01000000000000000000000000000000 -> 02000000000000000000000000000000
========================================================================
Received Prepare
Registering precompiled user dll's ...
Registered in 0.007656 seconds.
Begin MonoManager ReloadAssembly
Symbol file LoadedFromMemory doesn't match image E:\Users\OneDrive\Documents\GitHub\EndavaRommVR\Library\PackageCache\com.unity.visualscripting@1.7.6\Editor\VisualScripting.Core\Dependencies\YamlDotNet\Unity.VisualScripting.YamlDotNet.dll
Symbol file LoadedFromMemory doesn't match image E:\Users\OneDrive\Documents\GitHub\EndavaRommVR\Library\PackageCache\com.unity.visualscripting@1.7.6\Editor\VisualScripting.Core\Dependencies\DotNetZip\Unity.VisualScripting.IonicZip.dll
Native extension for WindowsStandalone target not found
Native extension for WebGL target not found
Refreshing native plugins compatible for Editor in 3.70 ms, found 7 plugins.
Preloading 1 native plugins for Editor in 0.09 ms.
NullReferenceException: Object reference not set to an instance of an object
  at Unity.XR.Oculus.OculusLoader.AssetPathToAbsolutePath (System.String assetPath) [0x00048] in E:\Users\OneDrive\Documents\GitHub\EndavaRommVR\Library\PackageCache\com.unity.xr.oculus@1.11.0\Runtime\OculusLoader.cs:250 
  at Unity.XR.Oculus.OculusLoader.EditorLoadOVRPlugin () [0x0007b] in E:\Users\OneDrive\Documents\GitHub\EndavaRommVR\Library\PackageCache\com.unity.xr.oculus@1.11.0\Runtime\OculusLoader.cs:235 

(Filename: Library/PackageCache/com.unity.xr.oculus@1.11.0/Runtime/OculusLoader.cs Line: 250)

Mono: successfully reloaded assembly
- Completed reload, in  1.817 seconds
Platform modules already initialized, skipping
Switching build target platform(19) subTarget(0) extendedPlatform(0) -> platform(13) subTarget(524288) extendedPlatform(0)
Refreshing native plugins compatible for Editor in 1.15 ms, found 7 plugins.
Preloading 1 native plugins for Editor in 0.07 ms.
Unloading 4324 Unused Serialized files (Serialized files now loaded: 0)
System memory in use before: 164.8 MB.
System memory in use after: 165.0 MB.

Unloading 29 unused Assets to reduce memory usage. Loaded Objects now: 4844.
Total: 3.525100 ms (FindLiveObjects: 0.458900 ms CreateObjectMapping: 0.288500 ms MarkObjects: 2.752200 ms  DeleteObjects: 0.024500 ms)

AssetImportParameters requested are different than current active one (requested -> active):
  custom:graphics/normal-map-encoding: 01000000000000000000000000000000 -> 02000000000000000000000000000000
========================================================================
Received Prepare
Refreshing native plugins compatible for Editor in 7.15 ms, found 7 plugins.
Preloading 1 native plugins for Editor in 0.06 ms.
Unloading 26 Unused Serialized files (Serialized files now loaded: 0)
System memory in use before: 80.1 MB.
System memory in use after: 80.4 MB.

Unloading 26 unused Assets to reduce memory usage. Loaded Objects now: 4844.
Total: 3.527800 ms (FindLiveObjects: 0.368200 ms CreateObjectMapping: 0.257600 ms MarkObjects: 2.881300 ms  DeleteObjects: 0.019800 ms)

========================================================================
Received Prepare
Registering precompiled user dll's ...
Registered in 0.616590 seconds.
Begin MonoManager ReloadAssembly
Symbol file LoadedFromMemory doesn't match image E:\Users\OneDrive\Documents\GitHub\EndavaRommVR\Library\PackageCache\com.unity.visualscripting@1.7.6\Editor\VisualScripting.Core\Dependencies\YamlDotNet\Unity.VisualScripting.YamlDotNet.dll
Symbol file LoadedFromMemory doesn't match image E:\Users\OneDrive\Documents\GitHub\EndavaRommVR\Library\PackageCache\com.unity.visualscripting@1.7.6\Editor\VisualScripting.Core\Dependencies\DotNetZip\Unity.VisualScripting.IonicZip.dll
Native extension for WindowsStandalone target not found
Native extension for WebGL target not found
Refreshing native plugins compatible for Editor in 1.28 ms, found 7 plugins.
Preloading 1 native plugins for Editor in 0.06 ms.
NullReferenceException: Object reference not set to an instance of an object
  at Unity.XR.Oculus.OculusLoader.AssetPathToAbsolutePath (System.String assetPath) [0x00048] in E:\Users\OneDrive\Documents\GitHub\EndavaRommVR\Library\PackageCache\com.unity.xr.oculus@1.11.0\Runtime\OculusLoader.cs:250 
  at Unity.XR.Oculus.OculusLoader.EditorLoadOVRPlugin () [0x0007b] in E:\Users\OneDrive\Documents\GitHub\EndavaRommVR\Library\PackageCache\com.unity.xr.oculus@1.11.0\Runtime\OculusLoader.cs:235 

(Filename: Library/PackageCache/com.unity.xr.oculus@1.11.0/Runtime/OculusLoader.cs Line: 250)

Mono: successfully reloaded assembly
- Completed reload, in  1.379 seconds
Platform modules already initialized, skipping
Switching build target platform(19) subTarget(0) extendedPlatform(0) -> platform(13) subTarget(524288) extendedPlatform(0)
Refreshing native plugins compatible for Editor in 0.95 ms, found 7 plugins.
Preloading 1 native plugins for Editor in 0.07 ms.
Unloading 4324 Unused Serialized files (Serialized files now loaded: 0)
System memory in use before: 164.8 MB.
System memory in use after: 165.0 MB.

Unloading 29 unused Assets to reduce memory usage. Loaded Objects now: 4848.
Total: 3.524900 ms (FindLiveObjects: 0.406900 ms CreateObjectMapping: 0.230300 ms MarkObjects: 2.841700 ms  DeleteObjects: 0.045200 ms)

AssetImportParameters requested are different than current active one (requested -> active):
  custom:graphics/normal-map-encoding: 01000000000000000000000000000000 -> 02000000000000000000000000000000
========================================================================
Received Prepare
Registering precompiled user dll's ...
Registered in 0.006955 seconds.
Begin MonoManager ReloadAssembly
Symbol file LoadedFromMemory doesn't match image E:\Users\OneDrive\Documents\GitHub\EndavaRommVR\Library\PackageCache\com.unity.visualscripting@1.7.6\Editor\VisualScripting.Core\Dependencies\YamlDotNet\Unity.VisualScripting.YamlDotNet.dll
Symbol file LoadedFromMemory doesn't match image E:\Users\OneDrive\Documents\GitHub\EndavaRommVR\Library\PackageCache\com.unity.visualscripting@1.7.6\Editor\VisualScripting.Core\Dependencies\DotNetZip\Unity.VisualScripting.IonicZip.dll
Native extension for WindowsStandalone target not found
Native extension for WebGL target not found
Refreshing native plugins compatible for Editor in 1.20 ms, found 7 plugins.
Preloading 1 native plugins for Editor in 0.09 ms.
NullReferenceException: Object reference not set to an instance of an object
  at Unity.XR.Oculus.OculusLoader.AssetPathToAbsolutePath (System.String assetPath) [0x00048] in E:\Users\OneDrive\Documents\GitHub\EndavaRommVR\Library\PackageCache\com.unity.xr.oculus@1.11.0\Runtime\OculusLoader.cs:250 
  at Unity.XR.Oculus.OculusLoader.EditorLoadOVRPlugin () [0x0007b] in E:\Users\OneDrive\Documents\GitHub\EndavaRommVR\Library\PackageCache\com.unity.xr.oculus@1.11.0\Runtime\OculusLoader.cs:235 

(Filename: Library/PackageCache/com.unity.xr.oculus@1.11.0/Runtime/OculusLoader.cs Line: 250)

Mono: successfully reloaded assembly
- Completed reload, in  1.290 seconds
Platform modules already initialized, skipping
Switching build target platform(19) subTarget(0) extendedPlatform(0) -> platform(13) subTarget(524288) extendedPlatform(0)
Refreshing native plugins compatible for Editor in 0.98 ms, found 7 plugins.
Preloading 1 native plugins for Editor in 0.06 ms.
Unloading 4324 Unused Serialized files (Serialized files now loaded: 0)
System memory in use before: 164.8 MB.
System memory in use after: 165.0 MB.

Unloading 29 unused Assets to reduce memory usage. Loaded Objects now: 4852.
Total: 3.621500 ms (FindLiveObjects: 0.410500 ms CreateObjectMapping: 0.201600 ms MarkObjects: 2.982900 ms  DeleteObjects: 0.025200 ms)

AssetImportParameters requested are different than current active one (requested -> active):
  custom:graphics/normal-map-encoding: 01000000000000000000000000000000 -> 02000000000000000000000000000000
========================================================================
Received Import Request.
  Time since last request: 2489.081767 seconds.
  path: Assets/Scenes/SampleScene.unity
  artifactKey: Guid(6ce687aa7328e2b428b46f8f876286b5) Importer(815301076,1909f56bfc062723c751e8b465ee728b)
Start importing Assets/Scenes/SampleScene.unity using Guid(6ce687aa7328e2b428b46f8f876286b5) Importer(815301076,1909f56bfc062723c751e8b465ee728b)  -> (artifact id: 'e7f3d521dc999e6e4d3b868ed2d72371') in 0.023933 seconds 
========================================================================
Received Prepare
Refreshing native plugins compatible for Editor in 8.81 ms, found 7 plugins.
Preloading 1 native plugins for Editor in 0.08 ms.
Unloading 26 Unused Serialized files (Serialized files now loaded: 0)
System memory in use before: 80.1 MB.
System memory in use after: 80.4 MB.

Unloading 26 unused Assets to reduce memory usage. Loaded Objects now: 4852.
Total: 5.505400 ms (FindLiveObjects: 0.475300 ms CreateObjectMapping: 0.331800 ms MarkObjects: 4.667000 ms  DeleteObjects: 0.028700 ms)

AssetImportWorkerClient::OnTransportError - code=2 error=End of file
