Using pre-set license
Built from '2021.1/release' branch; Version is '2021.1.4f1 (4cd64a618c1b) revision 5035594'; Using compiler version '192528614'; Build Type 'Release'
OS: 'Windows 10 Pro; OS build 19042.1466; Version 2009; 64bit' Language: 'en' Physical Memory: 8083 MB
BatchMode: 1, IsHumanControllingUs: 0, StartBugReporterOnCrash: 0, Is64bit: 1, IsPro: 0

 COMMAND LINE ARGUMENTS:
C:\Program Files\Unity\Hub\Editor\2021.1.4f1\Editor\Unity.exe
-adb2
-batchMode
-noUpm
-name
AssetImportWorker0
-projectPath
E:/Users/OneDrive/Documents/GitHub/EndavaRommVR
-logFile
Logs/AssetImportWorker0.log
-srvPort
64010
Successfully changed project path to: E:/Users/OneDrive/Documents/GitHub/EndavaRommVR
E:/Users/OneDrive/Documents/GitHub/EndavaRommVR
Using Asset Import Pipeline V2.
Refreshing native plugins compatible for Editor in 113.90 ms, found 7 plugins.
Preloading 1 native plugins for Editor in 0.97 ms.
Initialize engine version: 2021.1.4f1 (4cd64a618c1b)
[Subsystems] Discovering subsystems at path C:/Program Files/Unity/Hub/Editor/2021.1.4f1/Editor/Data/Resources/UnitySubsystems
[Subsystems] Discovering subsystems at path E:/Users/OneDrive/Documents/GitHub/EndavaRommVR/Assets
GfxDevice: creating device client; threaded=0; jobified=0
Direct3D:
    Version:  Direct3D 11.0 [level 11.1]
    Renderer: Intel(R) UHD Graphics 620 (ID=0x5917)
    Vendor:   Intel
    VRAM:     4041 MB
    Driver:   27.20.100.8854
Initialize mono
Mono path[0] = 'C:/Program Files/Unity/Hub/Editor/2021.1.4f1/Editor/Data/Managed'
Mono path[1] = 'C:/Program Files/Unity/Hub/Editor/2021.1.4f1/Editor/Data/MonoBleedingEdge/lib/mono/unityjit'
Mono config path = 'C:/Program Files/Unity/Hub/Editor/2021.1.4f1/Editor/Data/MonoBleedingEdge/etc'
Using monoOptions --debugger-agent=transport=dt_socket,embedding=1,server=y,suspend=n,address=127.0.0.1:56028
Begin MonoManager ReloadAssembly
Registering precompiled unity dll's ...
Register platform support module: C:/Program Files/Unity/Hub/Editor/2021.1.4f1/Editor/Data/PlaybackEngines/WebGLSupport/UnityEditor.WebGL.Extensions.dll
Register platform support module: C:/Program Files/Unity/Hub/Editor/2021.1.4f1/Editor/Data/PlaybackEngines/WindowsStandaloneSupport/UnityEditor.WindowsStandalone.Extensions.dll
Registered in 0.002838 seconds.
Native extension for WindowsStandalone target not found
Native extension for WebGL target not found
Refreshing native plugins compatible for Editor in 123.58 ms, found 7 plugins.
Preloading 1 native plugins for Editor in 0.05 ms.
Mono: successfully reloaded assembly
- Completed reload, in  2.097 seconds
Platform modules already initialized, skipping
Registering precompiled user dll's ...
Registered in 0.005499 seconds.
Begin MonoManager ReloadAssembly
Symbol file LoadedFromMemory doesn't match image E:\Users\OneDrive\Documents\GitHub\EndavaRommVR\Library\PackageCache\com.unity.visualscripting@1.6.1\Editor\VisualScripting.Core\Dependencies\YamlDotNet\Unity.VisualScripting.YamlDotNet.dll
Symbol file LoadedFromMemory doesn't match image E:\Users\OneDrive\Documents\GitHub\EndavaRommVR\Library\PackageCache\com.unity.visualscripting@1.6.1\Editor\VisualScripting.Core\Dependencies\DotNetZip\Unity.VisualScripting.IonicZip.dll
Native extension for WindowsStandalone target not found
Native extension for WebGL target not found
Refreshing native plugins compatible for Editor in 109.10 ms, found 7 plugins.
Preloading 1 native plugins for Editor in 0.05 ms.
[XR] OculusXRPlugin: registering subsystems
[XR] Unable to register display lifecyle provider: [1]
[XR] Oculus Input lifecycle provider registered.
[XR] Unable to register input lifecyle provider: [1]
NullReferenceException: Object reference not set to an instance of an object
  at Unity.XR.Oculus.OculusLoader.AssetPathToAbsolutePath (System.String assetPath) [0x00048] in E:\Users\OneDrive\Documents\GitHub\EndavaRommVR\Library\PackageCache\com.unity.xr.oculus@1.10.0\Runtime\OculusLoader.cs:250 
  at Unity.XR.Oculus.OculusLoader.EditorLoadOVRPlugin () [0x0007b] in E:\Users\OneDrive\Documents\GitHub\EndavaRommVR\Library\PackageCache\com.unity.xr.oculus@1.10.0\Runtime\OculusLoader.cs:235 

(Filename: Library/PackageCache/com.unity.xr.oculus@1.10.0/Runtime/OculusLoader.cs Line: 250)

Mono: successfully reloaded assembly
- Completed reload, in  1.545 seconds
Platform modules already initialized, skipping
========================================================================
Worker process is ready to serve import requests
Launched and connected shader compiler UnityShaderCompiler.exe after 0.06 seconds
Refreshing native plugins compatible for Editor in 1.84 ms, found 7 plugins.
Preloading 1 native plugins for Editor in 0.10 ms.
Unloading 4008 Unused Serialized files (Serialized files now loaded: 0)
System memory in use before: 157.4 MB.
System memory in use after: 157.6 MB.

Unloading 33 unused Assets to reduce memory usage. Loaded Objects now: 4464.
Total: 5.719100 ms (FindLiveObjects: 0.683200 ms CreateObjectMapping: 0.395900 ms MarkObjects: 4.512300 ms  DeleteObjects: 0.125600 ms)

========================================================================
Received Import Request.
  path: Assets/Prefabs/Textures/room_roughness.png
  artifactKey: Guid(208bd7dd1ce928640bd0d490589c02b4) Importer(815301076,1909f56bfc062723c751e8b465ee728b)
Start importing Assets/Prefabs/Textures/room_roughness.png using Guid(208bd7dd1ce928640bd0d490589c02b4) Importer(815301076,1909f56bfc062723c751e8b465ee728b)  -> (artifact id: 'f76035271c7126d5fa6d85c8c5d22fa5') in 0.215270 seconds 
========================================================================
Received Prepare
Registering precompiled user dll's ...
Registered in 0.241970 seconds.
Begin MonoManager ReloadAssembly
Symbol file LoadedFromMemory doesn't match image E:\Users\OneDrive\Documents\GitHub\EndavaRommVR\Library\PackageCache\com.unity.visualscripting@1.6.1\Editor\VisualScripting.Core\Dependencies\YamlDotNet\Unity.VisualScripting.YamlDotNet.dll
Symbol file LoadedFromMemory doesn't match image E:\Users\OneDrive\Documents\GitHub\EndavaRommVR\Library\PackageCache\com.unity.visualscripting@1.6.1\Editor\VisualScripting.Core\Dependencies\DotNetZip\Unity.VisualScripting.IonicZip.dll
Native extension for WindowsStandalone target not found
Native extension for WebGL target not found
Refreshing native plugins compatible for Editor in 1.18 ms, found 7 plugins.
Preloading 1 native plugins for Editor in 0.07 ms.
NullReferenceException: Object reference not set to an instance of an object
  at Unity.XR.Oculus.OculusLoader.AssetPathToAbsolutePath (System.String assetPath) [0x00048] in E:\Users\OneDrive\Documents\GitHub\EndavaRommVR\Library\PackageCache\com.unity.xr.oculus@1.10.0\Runtime\OculusLoader.cs:250 
  at Unity.XR.Oculus.OculusLoader.EditorLoadOVRPlugin () [0x0007b] in E:\Users\OneDrive\Documents\GitHub\EndavaRommVR\Library\PackageCache\com.unity.xr.oculus@1.10.0\Runtime\OculusLoader.cs:235 

(Filename: Library/PackageCache/com.unity.xr.oculus@1.10.0/Runtime/OculusLoader.cs Line: 250)

Mono: successfully reloaded assembly
- Completed reload, in  5.329 seconds
Platform modules already initialized, skipping
Switching build target platform(19) subTarget(0) extendedPlatform(0) -> platform(13) subTarget(524288) extendedPlatform(0)
Refreshing native plugins compatible for Editor in 1.00 ms, found 7 plugins.
Preloading 1 native plugins for Editor in 0.07 ms.
Unloading 3981 Unused Serialized files (Serialized files now loaded: 0)
System memory in use before: 174.8 MB.
System memory in use after: 175.0 MB.

Unloading 25 unused Assets to reduce memory usage. Loaded Objects now: 4485.
Total: 3.045700 ms (FindLiveObjects: 0.329400 ms CreateObjectMapping: 0.246200 ms MarkObjects: 2.421800 ms  DeleteObjects: 0.047400 ms)

AssetImportParameters requested are different than current active one (requested -> active):
  custom:graphics/normal-map-encoding: 01000000000000000000000000000000 -> 02000000000000000000000000000000
========================================================================
Received Prepare
Refreshing native plugins compatible for Editor in 5.23 ms, found 7 plugins.
Preloading 1 native plugins for Editor in 0.07 ms.
Unloading 22 Unused Serialized files (Serialized files now loaded: 0)
System memory in use before: 80.1 MB.
System memory in use after: 80.3 MB.

Unloading 22 unused Assets to reduce memory usage. Loaded Objects now: 4485.
Total: 4.885300 ms (FindLiveObjects: 0.492200 ms CreateObjectMapping: 0.285200 ms MarkObjects: 4.078400 ms  DeleteObjects: 0.028100 ms)

========================================================================
Received Import Request.
  Time since last request: 215.027163 seconds.
  path: Assets/Prefabs/Textures/room_roughness.png
  artifactKey: Guid(208bd7dd1ce928640bd0d490589c02b4) Importer(815301076,1909f56bfc062723c751e8b465ee728b)
Start importing Assets/Prefabs/Textures/room_roughness.png using Guid(208bd7dd1ce928640bd0d490589c02b4) Importer(815301076,1909f56bfc062723c751e8b465ee728b)  -> (artifact id: '4c0996d59493ee54a371fc84cfa9405b') in 0.033622 seconds 
========================================================================
Received Prepare
Refreshing native plugins compatible for Editor in 36.03 ms, found 7 plugins.
Preloading 1 native plugins for Editor in 0.09 ms.
Unloading 22 Unused Serialized files (Serialized files now loaded: 0)
System memory in use before: 80.2 MB.
System memory in use after: 80.4 MB.

Unloading 22 unused Assets to reduce memory usage. Loaded Objects now: 4486.
Total: 4.966800 ms (FindLiveObjects: 0.445600 ms CreateObjectMapping: 0.280600 ms MarkObjects: 4.204700 ms  DeleteObjects: 0.034400 ms)

========================================================================
Received Prepare
Refreshing native plugins compatible for Editor in 365.81 ms, found 7 plugins.
Preloading 1 native plugins for Editor in 0.15 ms.
Unloading 22 Unused Serialized files (Serialized files now loaded: 0)
System memory in use before: 80.2 MB.
System memory in use after: 80.4 MB.

Unloading 22 unused Assets to reduce memory usage. Loaded Objects now: 4486.
Total: 8.933200 ms (FindLiveObjects: 0.594300 ms CreateObjectMapping: 0.363300 ms MarkObjects: 7.919000 ms  DeleteObjects: 0.054300 ms)

========================================================================
Received Prepare
Registering precompiled user dll's ...
Registered in 0.102747 seconds.
Begin MonoManager ReloadAssembly
Symbol file LoadedFromMemory doesn't match image E:\Users\OneDrive\Documents\GitHub\EndavaRommVR\Library\PackageCache\com.unity.visualscripting@1.6.1\Editor\VisualScripting.Core\Dependencies\YamlDotNet\Unity.VisualScripting.YamlDotNet.dll
Symbol file LoadedFromMemory doesn't match image E:\Users\OneDrive\Documents\GitHub\EndavaRommVR\Library\PackageCache\com.unity.visualscripting@1.6.1\Editor\VisualScripting.Core\Dependencies\DotNetZip\Unity.VisualScripting.IonicZip.dll
Native extension for WindowsStandalone target not found
Native extension for WebGL target not found
Refreshing native plugins compatible for Editor in 1.11 ms, found 7 plugins.
Preloading 1 native plugins for Editor in 0.08 ms.
NullReferenceException: Object reference not set to an instance of an object
  at Unity.XR.Oculus.OculusLoader.AssetPathToAbsolutePath (System.String assetPath) [0x00048] in E:\Users\OneDrive\Documents\GitHub\EndavaRommVR\Library\PackageCache\com.unity.xr.oculus@1.10.0\Runtime\OculusLoader.cs:250 
  at Unity.XR.Oculus.OculusLoader.EditorLoadOVRPlugin () [0x0007b] in E:\Users\OneDrive\Documents\GitHub\EndavaRommVR\Library\PackageCache\com.unity.xr.oculus@1.10.0\Runtime\OculusLoader.cs:235 

(Filename: Library/PackageCache/com.unity.xr.oculus@1.10.0/Runtime/OculusLoader.cs Line: 250)

Mono: successfully reloaded assembly
- Completed reload, in  1.557 seconds
Platform modules already initialized, skipping
Switching build target platform(19) subTarget(0) extendedPlatform(0) -> platform(13) subTarget(524288) extendedPlatform(0)
Refreshing native plugins compatible for Editor in 1.45 ms, found 7 plugins.
Preloading 1 native plugins for Editor in 0.05 ms.
Unloading 3980 Unused Serialized files (Serialized files now loaded: 0)
System memory in use before: 175.2 MB.
System memory in use after: 175.5 MB.

Unloading 25 unused Assets to reduce memory usage. Loaded Objects now: 4503.
Total: 3.193500 ms (FindLiveObjects: 0.348800 ms CreateObjectMapping: 0.165600 ms MarkObjects: 2.655800 ms  DeleteObjects: 0.022500 ms)

AssetImportParameters requested are different than current active one (requested -> active):
  custom:graphics/normal-map-encoding: 01000000000000000000000000000000 -> 02000000000000000000000000000000
========================================================================
Received Prepare
Refreshing native plugins compatible for Editor in 4.67 ms, found 7 plugins.
Preloading 1 native plugins for Editor in 0.05 ms.
Unloading 22 Unused Serialized files (Serialized files now loaded: 0)
System memory in use before: 80.6 MB.
System memory in use after: 80.8 MB.

Unloading 22 unused Assets to reduce memory usage. Loaded Objects now: 4503.
Total: 3.920900 ms (FindLiveObjects: 0.496200 ms CreateObjectMapping: 0.241800 ms MarkObjects: 3.162700 ms  DeleteObjects: 0.019400 ms)

========================================================================
Received Prepare
Refreshing native plugins compatible for Editor in 4.47 ms, found 7 plugins.
Preloading 1 native plugins for Editor in 0.05 ms.
Unloading 22 Unused Serialized files (Serialized files now loaded: 0)
System memory in use before: 80.6 MB.
System memory in use after: 80.8 MB.

Unloading 22 unused Assets to reduce memory usage. Loaded Objects now: 4503.
Total: 3.994400 ms (FindLiveObjects: 0.340100 ms CreateObjectMapping: 0.178600 ms MarkObjects: 3.456100 ms  DeleteObjects: 0.018300 ms)

========================================================================
Received Prepare
Refreshing native plugins compatible for Editor in 5.45 ms, found 7 plugins.
Preloading 1 native plugins for Editor in 0.07 ms.
Unloading 22 Unused Serialized files (Serialized files now loaded: 0)
System memory in use before: 80.6 MB.
System memory in use after: 80.8 MB.

Unloading 22 unused Assets to reduce memory usage. Loaded Objects now: 4503.
Total: 28.506700 ms (FindLiveObjects: 0.337300 ms CreateObjectMapping: 0.185600 ms MarkObjects: 27.944900 ms  DeleteObjects: 0.037600 ms)

